This file contains any messages produced by compilers while
running configure, to aid debugging if configure makes a mistake.

It was created by data_structures configure 1.0, which was
generated by GNU Autoconf 2.69.  Invocation command line was

  $ ./configure 

## --------- ##
## Platform. ##
## --------- ##

hostname = WisdomTree
uname -m = x86_64
uname -r = 3.13.0-48-lowlatency
uname -s = Linux
uname -v = #80-Ubuntu SMP PREEMPT Thu Mar 12 11:33:22 UTC 2015

/usr/bin/uname -p = unknown
/bin/uname -X     = unknown

/bin/arch              = unknown
/usr/bin/arch -k       = unknown
/usr/convex/getsysinfo = unknown
/usr/bin/hostinfo      = unknown
/bin/machine           = unknown
/usr/bin/oslevel       = unknown
/bin/universe          = unknown

PATH: /home/bvuong/bin
PATH: /usr/local/sbin
PATH: /usr/local/bin
PATH: /usr/sbin
PATH: /usr/bin
PATH: /sbin
PATH: /bin
PATH: /usr/games
PATH: /usr/local/games


## ----------- ##
## Core tests. ##
## ----------- ##

configure:2298: checking for gcc
configure:2314: found /usr/bin/gcc
configure:2325: result: gcc
configure:2554: checking for C compiler version
configure:2563: gcc --version >&5
gcc (Ubuntu 4.8.2-19ubuntu1) 4.8.2
Copyright (C) 2013 Free Software Foundation, Inc.
This is free software; see the source for copying conditions.  There is NO
warranty; not even for MERCHANTABILITY or FITNESS FOR A PARTICULAR PURPOSE.

configure:2574: $? = 0
configure:2563: gcc -v >&5
Using built-in specs.
COLLECT_GCC=gcc
COLLECT_LTO_WRAPPER=/usr/lib/gcc/x86_64-linux-gnu/4.8/lto-wrapper
Target: x86_64-linux-gnu
Configured with: ../src/configure -v --with-pkgversion='Ubuntu 4.8.2-19ubuntu1' --with-bugurl=file:///usr/share/doc/gcc-4.8/README.Bugs --enable-languages=c,c++,java,go,d,fortran,objc,obj-c++ --prefix=/usr --program-suffix=-4.8 --enable-shared --enable-linker-build-id --libexecdir=/usr/lib --without-included-gettext --enable-threads=posix --with-gxx-include-dir=/usr/include/c++/4.8 --libdir=/usr/lib --enable-nls --with-sysroot=/ --enable-clocale=gnu --enable-libstdcxx-debug --enable-libstdcxx-time=yes --enable-gnu-unique-object --disable-libmudflap --enable-plugin --with-system-zlib --disable-browser-plugin --enable-java-awt=gtk --enable-gtk-cairo --with-java-home=/usr/lib/jvm/java-1.5.0-gcj-4.8-amd64/jre --enable-java-home --with-jvm-root-dir=/usr/lib/jvm/java-1.5.0-gcj-4.8-amd64 --with-jvm-jar-dir=/usr/lib/jvm-exports/java-1.5.0-gcj-4.8-amd64 --with-arch-directory=amd64 --with-ecj-jar=/usr/share/java/eclipse-ecj.jar --enable-objc-gc --enable-multiarch --disable-werror --with-arch-32=i686 --with-abi=m64 --with-multilib-list=m32,m64,mx32 --with-tune=generic --enable-checking=release --build=x86_64-linux-gnu --host=x86_64-linux-gnu --target=x86_64-linux-gnu
Thread model: posix
gcc version 4.8.2 (Ubuntu 4.8.2-19ubuntu1) 
configure:2574: $? = 0
configure:2563: gcc -V >&5
gcc: error: unrecognized command line option '-V'
gcc: fatal error: no input files
compilation terminated.
configure:2574: $? = 4
configure:2563: gcc -qversion >&5
gcc: error: unrecognized command line option '-qversion'
gcc: fatal error: no input files
compilation terminated.
configure:2574: $? = 4
configure:2594: checking whether the C compiler works
configure:2616: gcc    conftest.c  >&5
configure:2620: $? = 0
configure:2668: result: yes
configure:2671: checking for C compiler default output file name
configure:2673: result: a.out
configure:2679: checking for suffix of executables
configure:2686: gcc -o conftest    conftest.c  >&5
configure:2690: $? = 0
configure:2712: result: 
configure:2734: checking whether we are cross compiling
configure:2742: gcc -o conftest    conftest.c  >&5
configure:2746: $? = 0
configure:2753: ./conftest
configure:2757: $? = 0
configure:2772: result: no
configure:2777: checking for suffix of object files
configure:2799: gcc -c   conftest.c >&5
configure:2803: $? = 0
configure:2824: result: o
configure:2828: checking whether we are using the GNU C compiler
configure:2847: gcc -c   conftest.c >&5
configure:2847: $? = 0
configure:2856: result: yes
configure:2865: checking whether gcc accepts -g
configure:2885: gcc -c -g  conftest.c >&5
configure:2885: $? = 0
configure:2926: result: yes
configure:2943: checking for gcc option to accept ISO C89
configure:3006: gcc  -c -g -O2  conftest.c >&5
configure:3006: $? = 0
configure:3019: result: none needed
configure:3047: checking whether gcc understands -c and -o together
configure:3069: gcc -c conftest.c -o conftest2.o
configure:3072: $? = 0
configure:3069: gcc -c conftest.c -o conftest2.o
configure:3072: $? = 0
configure:3084: result: yes
configure:3159: checking for g++
configure:3175: found /usr/bin/g++
configure:3186: result: g++
configure:3213: checking for C++ compiler version
configure:3222: g++ --version >&5
g++ (Ubuntu 4.8.2-19ubuntu1) 4.8.2
Copyright (C) 2013 Free Software Foundation, Inc.
This is free software; see the source for copying conditions.  There is NO
warranty; not even for MERCHANTABILITY or FITNESS FOR A PARTICULAR PURPOSE.

configure:3233: $? = 0
configure:3222: g++ -v >&5
Using built-in specs.
COLLECT_GCC=g++
COLLECT_LTO_WRAPPER=/usr/lib/gcc/x86_64-linux-gnu/4.8/lto-wrapper
Target: x86_64-linux-gnu
Configured with: ../src/configure -v --with-pkgversion='Ubuntu 4.8.2-19ubuntu1' --with-bugurl=file:///usr/share/doc/gcc-4.8/README.Bugs --enable-languages=c,c++,java,go,d,fortran,objc,obj-c++ --prefix=/usr --program-suffix=-4.8 --enable-shared --enable-linker-build-id --libexecdir=/usr/lib --without-included-gettext --enable-threads=posix --with-gxx-include-dir=/usr/include/c++/4.8 --libdir=/usr/lib --enable-nls --with-sysroot=/ --enable-clocale=gnu --enable-libstdcxx-debug --enable-libstdcxx-time=yes --enable-gnu-unique-object --disable-libmudflap --enable-plugin --with-system-zlib --disable-browser-plugin --enable-java-awt=gtk --enable-gtk-cairo --with-java-home=/usr/lib/jvm/java-1.5.0-gcj-4.8-amd64/jre --enable-java-home --with-jvm-root-dir=/usr/lib/jvm/java-1.5.0-gcj-4.8-amd64 --with-jvm-jar-dir=/usr/lib/jvm-exports/java-1.5.0-gcj-4.8-amd64 --with-arch-directory=amd64 --with-ecj-jar=/usr/share/java/eclipse-ecj.jar --enable-objc-gc --enable-multiarch --disable-werror --with-arch-32=i686 --with-abi=m64 --with-multilib-list=m32,m64,mx32 --with-tune=generic --enable-checking=release --build=x86_64-linux-gnu --host=x86_64-linux-gnu --target=x86_64-linux-gnu
Thread model: posix
gcc version 4.8.2 (Ubuntu 4.8.2-19ubuntu1) 
configure:3233: $? = 0
configure:3222: g++ -V >&5
g++: error: unrecognized command line option '-V'
g++: fatal error: no input files
compilation terminated.
configure:3233: $? = 4
configure:3222: g++ -qversion >&5
g++: error: unrecognized command line option '-qversion'
g++: fatal error: no input files
compilation terminated.
configure:3233: $? = 4
configure:3237: checking whether we are using the GNU C++ compiler
configure:3256: g++ -c   conftest.cpp >&5
configure:3256: $? = 0
configure:3265: result: yes
configure:3274: checking whether g++ accepts -g
configure:3294: g++ -c -g  conftest.cpp >&5
configure:3294: $? = 0
configure:3335: result: yes
configure:3391: checking build system type
configure:3405: result: x86_64-unknown-linux-gnu
configure:3425: checking host system type
configure:3438: result: x86_64-unknown-linux-gnu
configure:3458: checking target system type
configure:3471: result: x86_64-unknown-linux-gnu
configure:3517: checking for a BSD-compatible install
configure:3585: result: /usr/bin/install -c
configure:3596: checking whether build environment is sane
configure:3651: result: yes
configure:3686: WARNING: 'missing' script is too old or missing
configure:3799: checking for a thread-safe mkdir -p
configure:3838: result: /bin/mkdir -p
configure:3845: checking for gawk
configure:3861: found /usr/bin/gawk
configure:3872: result: gawk
configure:3883: checking whether make sets $(MAKE)
configure:3905: result: yes
configure:3935: checking for style of include used by make
configure:3963: result: GNU
configure:3997: checking whether make supports nested variables
configure:4014: result: yes
configure:4099: checking dependency style of gcc
configure:4210: result: gcc3
configure:4227: checking dependency style of g++
configure:4338: result: gcc3
configure:4444: checking how to print strings
configure:4471: result: printf
configure:4492: checking for a sed that does not truncate output
configure:4556: result: /bin/sed
configure:4574: checking for grep that handles long lines and -e
configure:4632: result: /bin/grep
configure:4637: checking for egrep
configure:4699: result: /bin/grep -E
configure:4704: checking for fgrep
configure:4766: result: /bin/grep -F
configure:4801: checking for ld used by gcc
configure:4868: result: /usr/bin/ld
configure:4875: checking if the linker (/usr/bin/ld) is GNU ld
configure:4890: result: yes
configure:4902: checking for BSD- or MS-compatible name lister (nm)
configure:4951: result: /usr/bin/nm -B
configure:5081: checking the name lister (/usr/bin/nm -B) interface
configure:5088: gcc -c -g -O2  conftest.c >&5
configure:5091: /usr/bin/nm -B "conftest.o"
configure:5094: output
0000000000000000 B some_variable
configure:5101: result: BSD nm
configure:5104: checking whether ln -s works
configure:5108: result: yes
configure:5116: checking the maximum length of command line arguments
configure:5247: result: 1572864
configure:5264: checking whether the shell understands some XSI constructs
configure:5274: result: yes
configure:5278: checking whether the shell understands "+="
configure:5284: result: yes
configure:5319: checking how to convert x86_64-unknown-linux-gnu file names to x86_64-unknown-linux-gnu format
configure:5359: result: func_convert_file_noop
configure:5366: checking how to convert x86_64-unknown-linux-gnu file names to toolchain format
configure:5386: result: func_convert_file_noop
configure:5393: checking for /usr/bin/ld option to reload object files
configure:5400: result: -r
configure:5474: checking for objdump
configure:5490: found /usr/bin/objdump
configure:5501: result: objdump
configure:5533: checking how to recognize dependent libraries
configure:5731: result: pass_all
configure:5816: checking for dlltool
configure:5846: result: no
configure:5876: checking how to associate runtime and link libraries
configure:5903: result: printf %s\n
configure:5964: checking for ar
configure:5980: found /usr/bin/ar
configure:5991: result: ar
configure:6028: checking for archiver @FILE support
configure:6045: gcc -c -g -O2  conftest.c >&5
configure:6045: $? = 0
configure:6048: ar cru libconftest.a @conftest.lst >&5
configure:6051: $? = 0
configure:6056: ar cru libconftest.a @conftest.lst >&5
ar: conftest.o: No such file or directory
configure:6059: $? = 1
configure:6071: result: @
configure:6129: checking for strip
configure:6145: found /usr/bin/strip
configure:6156: result: strip
configure:6228: checking for ranlib
configure:6244: found /usr/bin/ranlib
configure:6255: result: ranlib
configure:6357: checking command to parse /usr/bin/nm -B output from gcc object
configure:6477: gcc -c -g -O2  conftest.c >&5
configure:6480: $? = 0
configure:6484: /usr/bin/nm -B conftest.o \| sed -n -e 's/^.*[ ]\([ABCDGIRSTW][ABCDGIRSTW]*\)[ ][ ]*\([_A-Za-z][_A-Za-z0-9]*\)$/\1 \2 \2/p' | sed '/ __gnu_lto/d' \> conftest.nm
configure:6487: $? = 0
configure:6553: gcc -o conftest -g -O2   conftest.c conftstm.o >&5
configure:6556: $? = 0
configure:6594: result: ok
configure:6631: checking for sysroot
configure:6661: result: no
configure:6738: gcc -c -g -O2  conftest.c >&5
configure:6741: $? = 0
configure:6930: checking for mt
configure:6946: found /bin/mt
configure:6957: result: mt
configure:6980: checking if mt is a manifest tool
configure:6986: mt '-?'
configure:6994: result: no
configure:7636: checking how to run the C preprocessor
configure:7667: gcc -E  conftest.c
configure:7667: $? = 0
configure:7681: gcc -E  conftest.c
conftest.c:11:28: fatal error: ac_nonexistent.h: No such file or directory
 #include <ac_nonexistent.h>
                            ^
compilation terminated.
configure:7681: $? = 1
configure: failed program was:
| /* confdefs.h */
| #define PACKAGE_NAME "data_structures"
| #define PACKAGE_TARNAME "data_structures"
| #define PACKAGE_VERSION "1.0"
| #define PACKAGE_STRING "data_structures 1.0"
| #define PACKAGE_BUGREPORT ""
| #define PACKAGE_URL ""
| #define PACKAGE "data_structures"
| #define VERSION "1.0"
| /* end confdefs.h.  */
| #include <ac_nonexistent.h>
configure:7706: result: gcc -E
configure:7726: gcc -E  conftest.c
configure:7726: $? = 0
configure:7740: gcc -E  conftest.c
conftest.c:11:28: fatal error: ac_nonexistent.h: No such file or directory
 #include <ac_nonexistent.h>
                            ^
compilation terminated.
configure:7740: $? = 1
configure: failed program was:
| /* confdefs.h */
| #define PACKAGE_NAME "data_structures"
| #define PACKAGE_TARNAME "data_structures"
| #define PACKAGE_VERSION "1.0"
| #define PACKAGE_STRING "data_structures 1.0"
| #define PACKAGE_BUGREPORT ""
| #define PACKAGE_URL ""
| #define PACKAGE "data_structures"
| #define VERSION "1.0"
| /* end confdefs.h.  */
| #include <ac_nonexistent.h>
configure:7769: checking for ANSI C header files
configure:7789: gcc -c -g -O2  conftest.c >&5
configure:7789: $? = 0
configure:7862: gcc -o conftest -g -O2   conftest.c  >&5
configure:7862: $? = 0
configure:7862: ./conftest
configure:7862: $? = 0
configure:7873: result: yes
configure:7886: checking for sys/types.h
configure:7886: gcc -c -g -O2  conftest.c >&5
configure:7886: $? = 0
configure:7886: result: yes
configure:7886: checking for sys/stat.h
configure:7886: gcc -c -g -O2  conftest.c >&5
configure:7886: $? = 0
configure:7886: result: yes
configure:7886: checking for stdlib.h
configure:7886: gcc -c -g -O2  conftest.c >&5
configure:7886: $? = 0
configure:7886: result: yes
configure:7886: checking for string.h
configure:7886: gcc -c -g -O2  conftest.c >&5
configure:7886: $? = 0
configure:7886: result: yes
configure:7886: checking for memory.h
configure:7886: gcc -c -g -O2  conftest.c >&5
configure:7886: $? = 0
configure:7886: result: yes
configure:7886: checking for strings.h
configure:7886: gcc -c -g -O2  conftest.c >&5
configure:7886: $? = 0
configure:7886: result: yes
configure:7886: checking for inttypes.h
configure:7886: gcc -c -g -O2  conftest.c >&5
configure:7886: $? = 0
configure:7886: result: yes
configure:7886: checking for stdint.h
configure:7886: gcc -c -g -O2  conftest.c >&5
configure:7886: $? = 0
configure:7886: result: yes
configure:7886: checking for unistd.h
configure:7886: gcc -c -g -O2  conftest.c >&5
configure:7886: $? = 0
configure:7886: result: yes
configure:7900: checking for dlfcn.h
configure:7900: gcc -c -g -O2  conftest.c >&5
configure:7900: $? = 0
configure:7900: result: yes
configure:8117: checking for objdir
configure:8132: result: .libs
configure:8403: checking if gcc supports -fno-rtti -fno-exceptions
configure:8421: gcc -c -g -O2  -fno-rtti -fno-exceptions conftest.c >&5
cc1: warning: command line option '-fno-rtti' is valid for C++/ObjC++ but not for C [enabled by default]
configure:8425: $? = 0
configure:8438: result: no
configure:8765: checking for gcc option to produce PIC
configure:8772: result: -fPIC -DPIC
configure:8780: checking if gcc PIC flag -fPIC -DPIC works
configure:8798: gcc -c -g -O2  -fPIC -DPIC -DPIC conftest.c >&5
configure:8802: $? = 0
configure:8815: result: yes
configure:8844: checking if gcc static flag -static works
configure:8872: result: yes
configure:8887: checking if gcc supports -c -o file.o
configure:8908: gcc -c -g -O2  -o out/conftest2.o conftest.c >&5
configure:8912: $? = 0
configure:8934: result: yes
configure:8942: checking if gcc supports -c -o file.o
configure:8989: result: yes
configure:9022: checking whether the gcc linker (/usr/bin/ld -m elf_x86_64) supports shared libraries
configure:10179: result: yes
configure:10216: checking whether -lc should be explicitly linked in
configure:10224: gcc -c -g -O2  conftest.c >&5
configure:10227: $? = 0
configure:10242: gcc -shared  -fPIC -DPIC conftest.o  -v -Wl,-soname -Wl,conftest -o conftest 2\>\&1 \| /bin/grep  -lc  \>/dev/null 2\>\&1
configure:10245: $? = 0
configure:10259: result: no
configure:10419: checking dynamic linker characteristics
configure:10919: gcc -o conftest -g -O2   -Wl,-rpath -Wl,/foo conftest.c  >&5
configure:10919: $? = 0
configure:11153: result: GNU/Linux ld.so
configure:11260: checking how to hardcode library paths into programs
configure:11285: result: immediate
configure:11825: checking whether stripping libraries is possible
configure:11830: result: yes
configure:11865: checking if libtool supports shared libraries
configure:11867: result: yes
configure:11870: checking whether to build shared libraries
configure:11891: result: yes
configure:11894: checking whether to build static libraries
configure:11898: result: yes
configure:11921: checking how to run the C++ preprocessor
configure:11948: g++ -E  conftest.cpp
configure:11948: $? = 0
configure:11962: g++ -E  conftest.cpp
conftest.cpp:23:28: fatal error: ac_nonexistent.h: No such file or directory
 #include <ac_nonexistent.h>
                            ^
compilation terminated.
configure:11962: $? = 1
configure: failed program was:
| /* confdefs.h */
| #define PACKAGE_NAME "data_structures"
| #define PACKAGE_TARNAME "data_structures"
| #define PACKAGE_VERSION "1.0"
| #define PACKAGE_STRING "data_structures 1.0"
| #define PACKAGE_BUGREPORT ""
| #define PACKAGE_URL ""
| #define PACKAGE "data_structures"
| #define VERSION "1.0"
| #define STDC_HEADERS 1
| #define HAVE_SYS_TYPES_H 1
| #define HAVE_SYS_STAT_H 1
| #define HAVE_STDLIB_H 1
| #define HAVE_STRING_H 1
| #define HAVE_MEMORY_H 1
| #define HAVE_STRINGS_H 1
| #define HAVE_INTTYPES_H 1
| #define HAVE_STDINT_H 1
| #define HAVE_UNISTD_H 1
| #define HAVE_DLFCN_H 1
| #define LT_OBJDIR ".libs/"
| /* end confdefs.h.  */
| #include <ac_nonexistent.h>
configure:11987: result: g++ -E
configure:12007: g++ -E  conftest.cpp
configure:12007: $? = 0
configure:12021: g++ -E  conftest.cpp
conftest.cpp:23:28: fatal error: ac_nonexistent.h: No such file or directory
 #include <ac_nonexistent.h>
                            ^
compilation terminated.
configure:12021: $? = 1
configure: failed program was:
| /* confdefs.h */
| #define PACKAGE_NAME "data_structures"
| #define PACKAGE_TARNAME "data_structures"
| #define PACKAGE_VERSION "1.0"
| #define PACKAGE_STRING "data_structures 1.0"
| #define PACKAGE_BUGREPORT ""
| #define PACKAGE_URL ""
| #define PACKAGE "data_structures"
| #define VERSION "1.0"
| #define STDC_HEADERS 1
| #define HAVE_SYS_TYPES_H 1
| #define HAVE_SYS_STAT_H 1
| #define HAVE_STDLIB_H 1
| #define HAVE_STRING_H 1
| #define HAVE_MEMORY_H 1
| #define HAVE_STRINGS_H 1
| #define HAVE_INTTYPES_H 1
| #define HAVE_STDINT_H 1
| #define HAVE_UNISTD_H 1
| #define HAVE_DLFCN_H 1
| #define LT_OBJDIR ".libs/"
| /* end confdefs.h.  */
| #include <ac_nonexistent.h>
configure:12190: checking for ld used by g++
configure:12257: result: /usr/bin/ld -m elf_x86_64
configure:12264: checking if the linker (/usr/bin/ld -m elf_x86_64) is GNU ld
configure:12279: result: yes
configure:12334: checking whether the g++ linker (/usr/bin/ld -m elf_x86_64) supports shared libraries
configure:13336: result: yes
configure:13372: g++ -c -g -O2  conftest.cpp >&5
configure:13375: $? = 0
configure:13895: checking for g++ option to produce PIC
configure:13902: result: -fPIC -DPIC
configure:13910: checking if g++ PIC flag -fPIC -DPIC works
configure:13928: g++ -c -g -O2  -fPIC -DPIC -DPIC conftest.cpp >&5
configure:13932: $? = 0
configure:13945: result: yes
configure:13968: checking if g++ static flag -static works
configure:13996: result: yes
configure:14008: checking if g++ supports -c -o file.o
configure:14029: g++ -c -g -O2  -o out/conftest2.o conftest.cpp >&5
configure:14033: $? = 0
configure:14055: result: yes
configure:14060: checking if g++ supports -c -o file.o
configure:14107: result: yes
configure:14137: checking whether the g++ linker (/usr/bin/ld -m elf_x86_64) supports shared libraries
configure:14176: result: yes
configure:14317: checking dynamic linker characteristics
configure:14985: result: GNU/Linux ld.so
configure:15038: checking how to hardcode library paths into programs
configure:15063: result: immediate
configure:15272: checking that generated files are newer than configure
configure:15278: result: done
configure:15305: creating ./config.status

## ---------------------- ##
## Running config.status. ##
## ---------------------- ##

This file was extended by data_structures config.status 1.0, which was
generated by GNU Autoconf 2.69.  Invocation command line was

  CONFIG_FILES    = 
  CONFIG_HEADERS  = 
  CONFIG_LINKS    = 
  CONFIG_COMMANDS = 
  $ ./config.status 

on WisdomTree

config.status:1073: creating Makefile
config.status:1073: creating exampleProgram/Makefile
config.status:1073: creating bv_data_structures/Makefile
config.status:1073: creating include/Makefile
config.status:1245: executing depfiles commands
config.status:1245: executing libtool commands

## ---------------- ##
## Cache variables. ##
## ---------------- ##

ac_cv_build=x86_64-unknown-linux-gnu
ac_cv_c_compiler_gnu=yes
ac_cv_cxx_compiler_gnu=yes
ac_cv_env_CCC_set=
ac_cv_env_CCC_value=
ac_cv_env_CC_set=
ac_cv_env_CC_value=
ac_cv_env_CFLAGS_set=
ac_cv_env_CFLAGS_value=
ac_cv_env_CPPFLAGS_set=
ac_cv_env_CPPFLAGS_value=
ac_cv_env_CPP_set=
ac_cv_env_CPP_value=
ac_cv_env_CXXCPP_set=
ac_cv_env_CXXCPP_value=
ac_cv_env_CXXFLAGS_set=
ac_cv_env_CXXFLAGS_value=
ac_cv_env_CXX_set=
ac_cv_env_CXX_value=
ac_cv_env_LDFLAGS_set=
ac_cv_env_LDFLAGS_value=
ac_cv_env_LIBS_set=
ac_cv_env_LIBS_value=
ac_cv_env_build_alias_set=
ac_cv_env_build_alias_value=
ac_cv_env_host_alias_set=
ac_cv_env_host_alias_value=
ac_cv_env_target_alias_set=
ac_cv_env_target_alias_value=
ac_cv_header_dlfcn_h=yes
ac_cv_header_inttypes_h=yes
ac_cv_header_memory_h=yes
ac_cv_header_stdc=yes
ac_cv_header_stdint_h=yes
ac_cv_header_stdlib_h=yes
ac_cv_header_string_h=yes
ac_cv_header_strings_h=yes
ac_cv_header_sys_stat_h=yes
ac_cv_header_sys_types_h=yes
ac_cv_header_unistd_h=yes
ac_cv_host=x86_64-unknown-linux-gnu
ac_cv_objext=o
ac_cv_path_EGREP='/bin/grep -E'
ac_cv_path_FGREP='/bin/grep -F'
ac_cv_path_GREP=/bin/grep
ac_cv_path_SED=/bin/sed
ac_cv_path_install='/usr/bin/install -c'
ac_cv_path_mkdir=/bin/mkdir
ac_cv_prog_AWK=gawk
ac_cv_prog_CPP='gcc -E'
ac_cv_prog_CXXCPP='g++ -E'
ac_cv_prog_ac_ct_AR=ar
ac_cv_prog_ac_ct_CC=gcc
ac_cv_prog_ac_ct_CXX=g++
ac_cv_prog_ac_ct_MANIFEST_TOOL=mt
ac_cv_prog_ac_ct_OBJDUMP=objdump
ac_cv_prog_ac_ct_RANLIB=ranlib
ac_cv_prog_ac_ct_STRIP=strip
ac_cv_prog_cc_c89=
ac_cv_prog_cc_g=yes
ac_cv_prog_cxx_g=yes
ac_cv_prog_make_make_set=yes
ac_cv_target=x86_64-unknown-linux-gnu
am_cv_CC_dependencies_compiler_type=gcc3
am_cv_CXX_dependencies_compiler_type=gcc3
am_cv_make_support_nested_variables=yes
am_cv_prog_cc_c_o=yes
lt_cv_ar_at_file=@
lt_cv_archive_cmds_need_lc=no
lt_cv_deplibs_check_method=pass_all
lt_cv_file_magic_cmd='$MAGIC_CMD'
lt_cv_file_magic_test_file=
lt_cv_ld_reload_flag=-r
lt_cv_nm_interface='BSD nm'
lt_cv_objdir=.libs
lt_cv_path_LD=/usr/bin/ld
lt_cv_path_LDCXX='/usr/bin/ld -m elf_x86_64'
lt_cv_path_NM='/usr/bin/nm -B'
lt_cv_path_mainfest_tool=no
lt_cv_prog_compiler_c_o=yes
lt_cv_prog_compiler_c_o_CXX=yes
lt_cv_prog_compiler_pic='-fPIC -DPIC'
lt_cv_prog_compiler_pic_CXX='-fPIC -DPIC'
lt_cv_prog_compiler_pic_works=yes
lt_cv_prog_compiler_pic_works_CXX=yes
lt_cv_prog_compiler_rtti_exceptions=no
lt_cv_prog_compiler_static_works=yes
lt_cv_prog_compiler_static_works_CXX=yes
lt_cv_prog_gnu_ld=yes
lt_cv_prog_gnu_ldcxx=yes
lt_cv_sharedlib_from_linklib_cmd='printf %s\n'
lt_cv_shlibpath_overrides_runpath=no
lt_cv_sys_global_symbol_pipe='sed -n -e '\''s/^.*[	 ]\([ABCDGIRSTW][ABCDGIRSTW]*\)[	 ][	 ]*\([_A-Za-z][_A-Za-z0-9]*\)$/\1 \2 \2/p'\'' | sed '\''/ __gnu_lto/d'\'''
lt_cv_sys_global_symbol_to_c_name_address='sed -n -e '\''s/^: \([^ ]*\)[ ]*$/  {\"\1\", (void *) 0},/p'\'' -e '\''s/^[ABCDGIRSTW]* \([^ ]*\) \([^ ]*\)$/  {"\2", (void *) \&\2},/p'\'''
lt_cv_sys_global_symbol_to_c_name_address_lib_prefix='sed -n -e '\''s/^: \([^ ]*\)[ ]*$/  {\"\1\", (void *) 0},/p'\'' -e '\''s/^[ABCDGIRSTW]* \([^ ]*\) \(lib[^ ]*\)$/  {"\2", (void *) \&\2},/p'\'' -e '\''s/^[ABCDGIRSTW]* \([^ ]*\) \([^ ]*\)$/  {"lib\2", (void *) \&\2},/p'\'''
lt_cv_sys_global_symbol_to_cdecl='sed -n -e '\''s/^T .* \(.*\)$/extern int \1();/p'\'' -e '\''s/^[ABCDGIRSTW]* .* \(.*\)$/extern char \1;/p'\'''
lt_cv_sys_max_cmd_len=1572864
lt_cv_to_host_file_cmd=func_convert_file_noop
lt_cv_to_tool_file_cmd=func_convert_file_noop

## ----------------- ##
## Output variables. ##
## ----------------- ##

ACLOCAL='aclocal-1.14'
AMDEPBACKSLASH='\'
AMDEP_FALSE='#'
AMDEP_TRUE=''
AMTAR='$${TAR-tar}'
AM_BACKSLASH='\'
AM_DEFAULT_V='$(AM_DEFAULT_VERBOSITY)'
AM_DEFAULT_VERBOSITY='1'
AM_V='$(V)'
AR='ar'
AUTOCONF='autoconf'
AUTOHEADER='autoheader'
AUTOMAKE='automake-1.14'
AWK='gawk'
CC='gcc'
CCDEPMODE='depmode=gcc3'
CFLAGS='-g -O2'
CPP='gcc -E'
CPPFLAGS=''
CXX='g++'
CXXCPP='g++ -E'
CXXDEPMODE='depmode=gcc3'
CXXFLAGS='-g -O2'
CYGPATH_W='echo'
DEFS='-DPACKAGE_NAME=\"data_structures\" -DPACKAGE_TARNAME=\"data_structures\" -DPACKAGE_VERSION=\"1.0\" -DPACKAGE_STRING=\"data_structures\ 1.0\" -DPACKAGE_BUGREPORT=\"\" -DPACKAGE_URL=\"\" -DPACKAGE=\"data_structures\" -DVERSION=\"1.0\" -DSTDC_HEADERS=1 -DHAVE_SYS_TYPES_H=1 -DHAVE_SYS_STAT_H=1 -DHAVE_STDLIB_H=1 -DHAVE_STRING_H=1 -DHAVE_MEMORY_H=1 -DHAVE_STRINGS_H=1 -DHAVE_INTTYPES_H=1 -DHAVE_STDINT_H=1 -DHAVE_UNISTD_H=1 -DHAVE_DLFCN_H=1 -DLT_OBJDIR=\".libs/\"'
DEPDIR='.deps'
DLLTOOL='false'
DSYMUTIL=''
DUMPBIN=''
ECHO_C=''
ECHO_N='-n'
ECHO_T=''
EGREP='/bin/grep -E'
EXEEXT=''
FGREP='/bin/grep -F'
GREP='/bin/grep'
INSTALL_DATA='${INSTALL} -m 644'
INSTALL_PROGRAM='${INSTALL}'
INSTALL_SCRIPT='${INSTALL}'
INSTALL_STRIP_PROGRAM='$(install_sh) -c -s'
LD='/usr/bin/ld -m elf_x86_64'
LDFLAGS=''
LIBOBJS=''
LIBS=''
LIBTOOL='$(SHELL) $(top_builddir)/libtool'
LIPO=''
LN_S='ln -s'
LTLIBOBJS=''
MAKEINFO='makeinfo'
MANIFEST_TOOL=':'
MKDIR_P='/bin/mkdir -p'
NM='/usr/bin/nm -B'
NMEDIT=''
OBJDUMP='objdump'
OBJEXT='o'
OTOOL64=''
OTOOL=''
PACKAGE='data_structures'
PACKAGE_BUGREPORT=''
PACKAGE_NAME='data_structures'
PACKAGE_STRING='data_structures 1.0'
PACKAGE_TARNAME='data_structures'
PACKAGE_URL=''
PACKAGE_VERSION='1.0'
PATH_SEPARATOR=':'
RANLIB='ranlib'
SED='/bin/sed'
SET_MAKE=''
SHELL='/bin/bash'
STRIP='strip'
VERSION='1.0'
ac_ct_AR='ar'
ac_ct_CC='gcc'
ac_ct_CXX='g++'
ac_ct_DUMPBIN=''
am__EXEEXT_FALSE=''
am__EXEEXT_TRUE='#'
am__fastdepCC_FALSE='#'
am__fastdepCC_TRUE=''
am__fastdepCXX_FALSE='#'
am__fastdepCXX_TRUE=''
am__include='include'
am__isrc=''
am__leading_dot='.'
am__nodep='_no'
am__quote=''
am__tar='$${TAR-tar} chof - "$$tardir"'
am__untar='$${TAR-tar} xf -'
bindir='${exec_prefix}/bin'
build='x86_64-unknown-linux-gnu'
build_alias=''
build_cpu='x86_64'
build_os='linux-gnu'
build_vendor='unknown'
datadir='${datarootdir}'
datarootdir='${prefix}/share'
docdir='${datarootdir}/doc/${PACKAGE_TARNAME}'
dvidir='${docdir}'
exec_prefix='${prefix}'
host='x86_64-unknown-linux-gnu'
host_alias=''
host_cpu='x86_64'
host_os='linux-gnu'
host_vendor='unknown'
htmldir='${docdir}'
includedir='${prefix}/include'
infodir='${datarootdir}/info'
install_sh='${SHELL} /home/bvuong/install-sh'
libdir='${exec_prefix}/lib'
libexecdir='${exec_prefix}/libexec'
localedir='${datarootdir}/locale'
localstatedir='${prefix}/var'
mandir='${datarootdir}/man'
mkdir_p='$(MKDIR_P)'
oldincludedir='/usr/include'
pdfdir='${docdir}'
prefix='/usr/local'
program_transform_name='s,x,x,'
psdir='${docdir}'
sbindir='${exec_prefix}/sbin'
sharedstatedir='${prefix}/com'
sysconfdir='${prefix}/etc'
target='x86_64-unknown-linux-gnu'
target_alias=''
target_cpu='x86_64'
target_os='linux-gnu'
target_vendor='unknown'

## ----------- ##
## confdefs.h. ##
## ----------- ##

/* confdefs.h */
#define PACKAGE_NAME "data_structures"
#define PACKAGE_TARNAME "data_structures"
#define PACKAGE_VERSION "1.0"
#define PACKAGE_STRING "data_structures 1.0"
#define PACKAGE_BUGREPORT ""
#define PACKAGE_URL ""
#define PACKAGE "data_structures"
#define VERSION "1.0"
#define STDC_HEADERS 1
#define HAVE_SYS_TYPES_H 1
#define HAVE_SYS_STAT_H 1
#define HAVE_STDLIB_H 1
#define HAVE_STRING_H 1
#define HAVE_MEMORY_H 1
#define HAVE_STRINGS_H 1
#define HAVE_INTTYPES_H 1
#define HAVE_STDINT_H 1
#define HAVE_UNISTD_H 1
#define HAVE_DLFCN_H 1
#define LT_OBJDIR ".libs/"

configure: exit 0
